output2 created
Use cuda
encoding...
done!
sorted by sequence and make negative smaples per user...
doen!
split data to train and test...
done!
make sequences...
done!
start training...
Epoch[1/50]	train_loss: 0.2943	recall: 0.0961	NDCG: 0.0660 	훈련시간: 1265.90 sec
Better performance. Saving model recall: 0.0961 ...
Epoch[2/50]	train_loss: 0.2175	recall: 0.1091	NDCG: 0.0762 	훈련시간: 1321.10 sec
Better performance. Saving model recall: 0.1091 ...
Epoch[3/50]	train_loss: 0.1843	recall: 0.1114	NDCG: 0.0775 	훈련시간: 1300.23 sec
Better performance. Saving model recall: 0.1114 ...
Epoch[4/50]	train_loss: 0.1649	recall: 0.1118	NDCG: 0.0782 	훈련시간: 1288.08 sec
Better performance. Saving model recall: 0.1118 ...
Epoch[5/50]	train_loss: 0.1535	recall: 0.1139	NDCG: 0.0794 	훈련시간: 1321.36 sec
Better performance. Saving model recall: 0.1139 ...
Epoch[6/50]	train_loss: 0.1461	recall: 0.1119	NDCG: 0.0779 	훈련시간: 1248.26 sec
EarlyStopping counter: 1 out of 10
Epoch[7/50]	train_loss: 0.1410	recall: 0.1105	NDCG: 0.0770 	훈련시간: 1323.94 sec
EarlyStopping counter: 2 out of 10
Epoch[8/50]	train_loss: 0.1376	recall: 0.1099	NDCG: 0.0772 	훈련시간: 1232.71 sec
EarlyStopping counter: 3 out of 10
Epoch[9/50]	train_loss: 0.1348	recall: 0.1127	NDCG: 0.0792 	훈련시간: 1309.46 sec
EarlyStopping counter: 4 out of 10
Epoch[10/50]	train_loss: 0.1325	recall: 0.1098	NDCG: 0.0770 	훈련시간: 1231.51 sec
EarlyStopping counter: 5 out of 10
Epoch[11/50]	train_loss: 0.1308	recall: 0.1087	NDCG: 0.0760 	훈련시간: 1304.96 sec
EarlyStopping counter: 6 out of 10
Epoch[12/50]	train_loss: 0.1293	recall: 0.1081	NDCG: 0.0763 	훈련시간: 1232.96 sec
EarlyStopping counter: 7 out of 10
Epoch[13/50]	train_loss: 0.1282	recall: 0.1081	NDCG: 0.0752 	훈련시간: 1264.35 sec
EarlyStopping counter: 8 out of 10
Epoch[14/50]	train_loss: 0.1272	recall: 0.1058	NDCG: 0.0741 	훈련시간: 1177.92 sec
EarlyStopping counter: 9 out of 10
Epoch[15/50]	train_loss: 0.1265	recall: 0.1089	NDCG: 0.0760 	훈련시간: 1175.34 sec
EarlyStopping counter: 10 out of 10
Early stopping
finish training!
